  main.cpp
D:\Języki\C++\SFML - jelenie\Jelenie\main.cpp(36,1): warning C4305: "argument": obcięcie z "double" do "float"
D:\Języki\C++\SFML - jelenie\Jelenie\main.cpp(41,37): warning C4244: "=": konwersja z "int" do "float", możliwa utrata danych
D:\Języki\C++\SFML - jelenie\Jelenie\main.cpp(102,25): warning C4244: "argument": konwersja z "int" do "float", możliwa utrata danych
D:\Języki\C++\SFML - jelenie\Jelenie\main.cpp(102,22): warning C4244: "argument": konwersja z "int" do "float", możliwa utrata danych
D:\Języki\C++\SFML - jelenie\Jelenie\main.cpp(117,27): warning C4244: "argument": konwersja z "int" do "float", możliwa utrata danych
D:\Języki\C++\SFML - jelenie\Jelenie\main.cpp(117,24): warning C4244: "argument": konwersja z "int" do "float", możliwa utrata danych
D:\Języki\C++\SFML - jelenie\Jelenie\main.cpp(132,15): warning C4244: "argument": konwersja z "time_t" do "unsigned int", możliwa utrata danych
D:\Języki\C++\SFML - jelenie\Jelenie\main.cpp(230,37): warning C4244: "=": konwersja z "int" do "float", możliwa utrata danych
D:\Języki\C++\SFML - jelenie\Jelenie\main.cpp(255,74): warning C4244: "=": konwersja z "int" do "float", możliwa utrata danych
D:\Języki\C++\SFML - jelenie\Jelenie\main.cpp(259,104): warning C4244: "=": konwersja z "int" do "float", możliwa utrata danych
D:\Języki\C++\SFML - jelenie\Jelenie\main.cpp(262,53): warning C4244: "=": konwersja z "int" do "float", możliwa utrata danych
D:\Języki\C++\SFML - jelenie\Jelenie\main.cpp(365,45): warning C4244: "-=": konwersja z "double" do "int", możliwa utrata danych
D:\Języki\C++\SFML - jelenie\Jelenie\main.cpp(381,68): warning C4244: "-=": konwersja z "double" do "int", możliwa utrata danych
D:\Języki\C++\SFML - jelenie\Jelenie\main.cpp(411,94): warning C4244: "argument": konwersja z "float" do "int", możliwa utrata danych
D:\Języki\C++\SFML - jelenie\Jelenie\main.cpp(443,41): warning C4244: "=": konwersja z "float" do "T", możliwa utrata danych
          with
          [
              T=int
          ]
D:\Języki\C++\SFML - jelenie\Jelenie\main.cpp(444,66): warning C4244: "argument": konwersja z "float" do "T", możliwa utrata danych
          with
          [
              T=int
          ]
D:\Języki\C++\SFML - jelenie\Jelenie\main.cpp(447,41): warning C4244: "=": konwersja z "float" do "T", możliwa utrata danych
          with
          [
              T=int
          ]
D:\Języki\C++\SFML - jelenie\Jelenie\main.cpp(448,66): warning C4244: "argument": konwersja z "float" do "T", możliwa utrata danych
          with
          [
              T=int
          ]
D:\Języki\C++\SFML - jelenie\Jelenie\main.cpp(452,41): warning C4244: "=": konwersja z "float" do "T", możliwa utrata danych
          with
          [
              T=int
          ]
D:\Języki\C++\SFML - jelenie\Jelenie\main.cpp(453,76): warning C4244: "argument": konwersja z "float" do "T", możliwa utrata danych
          with
          [
              T=int
          ]
D:\Języki\C++\SFML - jelenie\Jelenie\main.cpp(456,41): warning C4244: "=": konwersja z "float" do "T", możliwa utrata danych
          with
          [
              T=int
          ]
D:\Języki\C++\SFML - jelenie\Jelenie\main.cpp(457,76): warning C4244: "argument": konwersja z "float" do "T", możliwa utrata danych
          with
          [
              T=int
          ]
D:\Języki\C++\SFML - jelenie\Jelenie\main.cpp(460,54): warning C4244: "argument": konwersja z "T" do "float", możliwa utrata danych
          with
          [
              T=int
          ]
D:\Języki\C++\SFML - jelenie\Jelenie\main.cpp(460,44): warning C4244: "argument": konwersja z "T" do "float", możliwa utrata danych
          with
          [
              T=int
          ]
D:\Języki\C++\SFML - jelenie\Jelenie\main.cpp(471,76): warning C4244: "=": konwersja z "int" do "float", możliwa utrata danych
D:\Języki\C++\SFML - jelenie\Jelenie\main.cpp(472,64): warning C4244: "=": konwersja z "int" do "float", możliwa utrata danych
D:\Języki\C++\SFML - jelenie\Jelenie\main.cpp(475,65): warning C4244: "=": konwersja z "int" do "_Ty", możliwa utrata danych
          with
          [
              _Ty=float
          ]
D:\Języki\C++\SFML - jelenie\Jelenie\main.cpp(479,69): warning C4244: "=": konwersja z "int" do "_Ty", możliwa utrata danych
          with
          [
              _Ty=float
          ]
D:\Języki\C++\SFML - jelenie\Jelenie\main.cpp(549,73): warning C4244: "=": konwersja z "int" do "float", możliwa utrata danych
D:\Języki\C++\SFML - jelenie\Jelenie\main.cpp(555,51): warning C4244: "=": konwersja z "double" do "float", możliwa utrata danych
D:\Języki\C++\SFML - jelenie\Jelenie\main.cpp(556,79): warning C4244: "=": konwersja z "double" do "float", możliwa utrata danych
sfml-graphics-d.lib(sfml-graphics-d-2.dll) : fatal error LNK1112: wystąpił konflikt typu maszyny modułu „x64” z typem maszyny docelowej „x86”
