  main.cpp
D:\Języki\C++\SFML - jelenie\Jelenie\main.cpp(36,1): warning C4305: "argument": obcięcie z "double" do "float"
D:\Języki\C++\SFML - jelenie\Jelenie\main.cpp(41,37): warning C4244: "=": konwersja z "int" do "float", możliwa utrata danych
D:\Języki\C++\SFML - jelenie\Jelenie\main.cpp(102,25): warning C4244: "argument": konwersja z "int" do "float", możliwa utrata danych
D:\Języki\C++\SFML - jelenie\Jelenie\main.cpp(102,22): warning C4244: "argument": konwersja z "int" do "float", możliwa utrata danych
D:\Języki\C++\SFML - jelenie\Jelenie\main.cpp(110,27): warning C4244: "argument": konwersja z "int" do "float", możliwa utrata danych
D:\Języki\C++\SFML - jelenie\Jelenie\main.cpp(110,24): warning C4244: "argument": konwersja z "int" do "float", możliwa utrata danych
D:\Języki\C++\SFML - jelenie\Jelenie\main.cpp(125,15): warning C4244: "argument": konwersja z "time_t" do "unsigned int", możliwa utrata danych
D:\Języki\C++\SFML - jelenie\Jelenie\main.cpp(227,37): warning C4244: "=": konwersja z "int" do "float", możliwa utrata danych
D:\Języki\C++\SFML - jelenie\Jelenie\main.cpp(252,74): warning C4244: "=": konwersja z "int" do "float", możliwa utrata danych
D:\Języki\C++\SFML - jelenie\Jelenie\main.cpp(256,104): warning C4244: "=": konwersja z "int" do "float", możliwa utrata danych
D:\Języki\C++\SFML - jelenie\Jelenie\main.cpp(259,53): warning C4244: "=": konwersja z "int" do "float", możliwa utrata danych
D:\Języki\C++\SFML - jelenie\Jelenie\main.cpp(362,45): warning C4244: "-=": konwersja z "double" do "int", możliwa utrata danych
D:\Języki\C++\SFML - jelenie\Jelenie\main.cpp(378,68): warning C4244: "-=": konwersja z "double" do "int", możliwa utrata danych
D:\Języki\C++\SFML - jelenie\Jelenie\main.cpp(408,94): warning C4244: "argument": konwersja z "float" do "int", możliwa utrata danych
D:\Języki\C++\SFML - jelenie\Jelenie\main.cpp(440,41): warning C4244: "=": konwersja z "float" do "T", możliwa utrata danych
          with
          [
              T=int
          ]
D:\Języki\C++\SFML - jelenie\Jelenie\main.cpp(441,66): warning C4244: "argument": konwersja z "float" do "T", możliwa utrata danych
          with
          [
              T=int
          ]
D:\Języki\C++\SFML - jelenie\Jelenie\main.cpp(444,41): warning C4244: "=": konwersja z "float" do "T", możliwa utrata danych
          with
          [
              T=int
          ]
D:\Języki\C++\SFML - jelenie\Jelenie\main.cpp(445,66): warning C4244: "argument": konwersja z "float" do "T", możliwa utrata danych
          with
          [
              T=int
          ]
D:\Języki\C++\SFML - jelenie\Jelenie\main.cpp(449,41): warning C4244: "=": konwersja z "float" do "T", możliwa utrata danych
          with
          [
              T=int
          ]
D:\Języki\C++\SFML - jelenie\Jelenie\main.cpp(450,76): warning C4244: "argument": konwersja z "float" do "T", możliwa utrata danych
          with
          [
              T=int
          ]
D:\Języki\C++\SFML - jelenie\Jelenie\main.cpp(453,41): warning C4244: "=": konwersja z "float" do "T", możliwa utrata danych
          with
          [
              T=int
          ]
D:\Języki\C++\SFML - jelenie\Jelenie\main.cpp(454,76): warning C4244: "argument": konwersja z "float" do "T", możliwa utrata danych
          with
          [
              T=int
          ]
D:\Języki\C++\SFML - jelenie\Jelenie\main.cpp(457,54): warning C4244: "argument": konwersja z "T" do "float", możliwa utrata danych
          with
          [
              T=int
          ]
D:\Języki\C++\SFML - jelenie\Jelenie\main.cpp(457,44): warning C4244: "argument": konwersja z "T" do "float", możliwa utrata danych
          with
          [
              T=int
          ]
D:\Języki\C++\SFML - jelenie\Jelenie\main.cpp(468,76): warning C4244: "=": konwersja z "int" do "float", możliwa utrata danych
D:\Języki\C++\SFML - jelenie\Jelenie\main.cpp(469,64): warning C4244: "=": konwersja z "int" do "float", możliwa utrata danych
D:\Języki\C++\SFML - jelenie\Jelenie\main.cpp(472,65): warning C4244: "=": konwersja z "int" do "_Ty", możliwa utrata danych
          with
          [
              _Ty=float
          ]
D:\Języki\C++\SFML - jelenie\Jelenie\main.cpp(476,69): warning C4244: "=": konwersja z "int" do "_Ty", możliwa utrata danych
          with
          [
              _Ty=float
          ]
D:\Języki\C++\SFML - jelenie\Jelenie\main.cpp(546,73): warning C4244: "=": konwersja z "int" do "float", możliwa utrata danych
D:\Języki\C++\SFML - jelenie\Jelenie\main.cpp(552,51): warning C4244: "=": konwersja z "double" do "float", możliwa utrata danych
D:\Języki\C++\SFML - jelenie\Jelenie\main.cpp(553,79): warning C4244: "=": konwersja z "double" do "float", możliwa utrata danych
  Jelenie.vcxproj -> D:\Języki\C++\SFML - jelenie\Jelenie\x64\Debug\Jelenie.exe
